Success (1):
content 8199 _a-0000e47b-6a3e-8000-9ba4-011c48011c48_19071 "MW_AM_TestLengthValidation"

Referenced precedents that were not exported (1):
content 1413 _a-0000e47b-6a3e-8000-9ba4-011c48011c48_16256

Trace:
2021-03-18 14:49:56.049 DEBUG content 8199 _a-0000e47b-6a3e-8000-9ba4-011c48011c48_19071 Begin transport.
2021-03-18 14:49:56.049 DEBUG content 8199 _a-0000e47b-6a3e-8000-9ba4-011c48011c48_19071 Retrieving object data.
2021-03-18 14:49:56.059 DEBUG content 8199 _a-0000e47b-6a3e-8000-9ba4-011c48011c48_19071 Setting uuids of object references.
2021-03-18 14:49:56.06 DEBUG content 8199 _a-0000e47b-6a3e-8000-9ba4-011c48011c48_19071 Processing reference: [Content:id=1422,versionId=-1,name=MW_AM_TestLengthValidation,type=32,subtype=1,uuid=_a-0000e47b-6a3e-8000-9ba4-011c48011c48_19071,parent=1413]
2021-03-18 14:49:56.06 DEBUG content 8199 _a-0000e47b-6a3e-8000-9ba4-011c48011c48_19071 Processing reference: FreeformRule.forum
2021-03-18 14:49:56.061 DEBUG content 8199 _a-0000e47b-6a3e-8000-9ba4-011c48011c48_19071 Processing reference: TypedVariable[name=string,it=3,v=]
2021-03-18 14:49:56.061 DEBUG content 8199 _a-0000e47b-6a3e-8000-9ba4-011c48011c48_19071 Processing reference: TypedVariable[name=maxLength,it=1,v=<null>]
2021-03-18 14:49:56.061 DEBUG content 8199 _a-0000e47b-6a3e-8000-9ba4-011c48011c48_19071 Processing reference: FreeformRule.parent
2021-03-18 14:49:56.064 DEBUG content 8199 _a-0000e47b-6a3e-8000-9ba4-011c48011c48_19071 Processing reference: com.appiancorp.suiteapi.content.ContentRoleMap@6447444e[
  ContentRole[name=readers,inherit=true,allowForAll=false]
  ContentRole[name=authors,inherit=true,allowForAll=false]
  ContentRole[name=administrators,inherit=true,allowForAll=false]
  ContentRole[name=denyReaders,inherit=false,allowForAll=false]
  ContentRole[name=denyAuthors,inherit=false,allowForAll=false]
  ContentRole[name=denyAdministrators,inherit=false,allowForAll=false]
  securityVector=15:SEC_PUBLIC=true,SEC_CREATOR_ADMIN=false,SEC_INH_ADMIN=true,SEC_INH_EDITOR=true,SEC_INH_VIEWER=true,SEC_ALL_ADMIN=false,SEC_ALL_EDITOR=false,SEC_ALL_VIEWER=false
]
2021-03-18 14:49:56.064 DEBUG content 8199 _a-0000e47b-6a3e-8000-9ba4-011c48011c48_19071 Processing reference: ContentRole[name=readers,inherit=true,allowForAll=false]
2021-03-18 14:49:56.064 DEBUG content 8199 _a-0000e47b-6a3e-8000-9ba4-011c48011c48_19071 Processing reference: ContentRole[name=authors,inherit=true,allowForAll=false]
2021-03-18 14:49:56.064 DEBUG content 8199 _a-0000e47b-6a3e-8000-9ba4-011c48011c48_19071 Processing reference: ContentRole[name=administrators,inherit=true,allowForAll=false]
2021-03-18 14:49:56.064 DEBUG content 8199 _a-0000e47b-6a3e-8000-9ba4-011c48011c48_19071 Processing reference: ContentRole[name=denyReaders,inherit=false,allowForAll=false]
2021-03-18 14:49:56.064 DEBUG content 8199 _a-0000e47b-6a3e-8000-9ba4-011c48011c48_19071 Processing reference: ContentRole[name=denyAuthors,inherit=false,allowForAll=false]
2021-03-18 14:49:56.064 DEBUG content 8199 _a-0000e47b-6a3e-8000-9ba4-011c48011c48_19071 Processing reference: ContentRole[name=denyAdministrators,inherit=false,allowForAll=false]
2021-03-18 14:49:56.064 DEBUG content 8199 _a-0000e47b-6a3e-8000-9ba4-011c48011c48_19071 Completing produce.
2021-03-18 14:49:56.064 DEBUG content 8199 _a-0000e47b-6a3e-8000-9ba4-011c48011c48_19071 Exporting binary resources.
2021-03-18 14:49:56.064 DEBUG content 8199 _a-0000e47b-6a3e-8000-9ba4-011c48011c48_19071 Serializing object to XML.
2021-03-18 14:49:56.068 DEBUG content 8199 _a-0000e47b-6a3e-8000-9ba4-011c48011c48_19071 Object transported.
